
> paints-app@1.0.0 dev
> ts-node-dev --respawn --transpile-only src/app.ts

[INFO] 07:56:56 ts-node-dev ver. 2.0.0 (using ts-node ver. 10.9.2, typescript ver. 5.9.3)
[dotenv@17.3.1] injecting env (3) from .env -- tip: 🤖 agentic secret storage: https://dotenvx.com/as2
(node:17835) Warning: SECURITY WARNING: The SSL modes 'prefer', 'require', and 'verify-ca' are treated as aliases for 'verify-full'.
In the next major version (pg-connection-string v3.0.0 and pg v9.0.0), these modes will adopt standard libpq semantics, which have weaker security guarantees.

To prepare for this change:
- If you want the current behavior, explicitly use 'sslmode=verify-full'
- If you want libpq compatibility now, use 'uselibpqcompat=true&sslmode=require'

See https://www.postgresql.org/docs/current/libpq-ssl.html for libpq SSL mode definitions.
(Use `node --trace-warnings ...` to show where the warning was created)
[07:56:58.885] INFO (17835): Database connected successfully
[07:56:58.959] ERROR (17835): listen EADDRINUSE: address already in use 0.0.0.0:3000
    err: {
      "type": "Error",
      "message": "listen EADDRINUSE: address already in use 0.0.0.0:3000",
      "stack":
          Error: listen EADDRINUSE: address already in use 0.0.0.0:3000
              at Server.setupListenHandle [as _listen2] (node:net:1940:16)
              at listenInCluster (node:net:1997:12)
              at node:net:2206:7
              at processTicksAndRejections (node:internal/process/task_queues:89:21)
      "code": "EADDRINUSE",
      "errno": -98,
      "syscall": "listen",
      "address": "0.0.0.0",
      "port": 3000
    }
