
> paints-app@1.0.0 dev
> ts-node-dev --respawn --transpile-only src/app.ts

[INFO] 08:29:58 ts-node-dev ver. 2.0.0 (using ts-node ver. 10.9.2, typescript ver. 5.9.3)
[dotenv@17.3.1] injecting env (3) from .env -- tip: 🛡️ auth for agents: https://vestauth.com
(node:28376) Warning: SECURITY WARNING: The SSL modes 'prefer', 'require', and 'verify-ca' are treated as aliases for 'verify-full'.
In the next major version (pg-connection-string v3.0.0 and pg v9.0.0), these modes will adopt standard libpq semantics, which have weaker security guarantees.

To prepare for this change:
- If you want the current behavior, explicitly use 'sslmode=verify-full'
- If you want libpq compatibility now, use 'uselibpqcompat=true&sslmode=require'

See https://www.postgresql.org/docs/current/libpq-ssl.html for libpq SSL mode definitions.
(Use `node --trace-warnings ...` to show where the warning was created)
[08:29:59.667] INFO (28376): Database connected successfully
[08:29:59.759] INFO (28376): Server listening at http://10.255.255.254:3000
[08:29:59.759] INFO (28376): Server listening at http://127.0.0.1:3000
[08:29:59.760] INFO (28376): Server listening at http://172.27.235.88:3000
[08:29:59.760] INFO (28376): Server listening at http://172.18.0.1:3000
[08:31:19.514] INFO (28376): incoming request
    reqId: "req-1"
    req: {
      "method": "POST",
      "url": "/auth/login",
      "host": "127.0.0.1:3000",
      "remoteAddress": "127.0.0.1",
      "remotePort": 47004
    }
[08:31:20.141] INFO (28376): request completed
    reqId: "req-1"
    res: {
      "statusCode": 200
    }
    responseTime: 626.1082530003041
[08:31:20.148] INFO (28376): incoming request
    reqId: "req-2"
    req: {
      "method": "GET",
      "url": "/resources",
      "host": "127.0.0.1:3000",
      "remoteAddress": "127.0.0.1",
      "remotePort": 47016
    }
[08:31:20.218] INFO (28376): request completed
    reqId: "req-2"
    res: {
      "statusCode": 200
    }
    responseTime: 69.83926000073552
[08:31:33.974] INFO (28376): incoming request
    reqId: "req-3"
    req: {
      "method": "POST",
      "url": "/auth/login",
      "host": "127.0.0.1:3000",
      "remoteAddress": "127.0.0.1",
      "remotePort": 43606
    }
[08:31:34.529] INFO (28376): request completed
    reqId: "req-3"
    res: {
      "statusCode": 200
    }
    responseTime: 554.7820510007441
[08:31:34.549] INFO (28376): incoming request
    reqId: "req-4"
    req: {
      "method": "POST",
      "url": "/resources",
      "host": "127.0.0.1:3000",
      "remoteAddress": "127.0.0.1",
      "remotePort": 43612
    }
[08:31:34.684] INFO (28376): request completed
    reqId: "req-4"
    res: {
      "statusCode": 201
    }
    responseTime: 134.45237299986184
[08:31:34.697] INFO (28376): incoming request
    reqId: "req-5"
    req: {
      "method": "POST",
      "url": "/resources",
      "host": "127.0.0.1:3000",
      "remoteAddress": "127.0.0.1",
      "remotePort": 43616
    }
[08:31:34.837] INFO (28376): request completed
    reqId: "req-5"
    res: {
      "statusCode": 201
    }
    responseTime: 140.247955000028
[08:31:34.858] INFO (28376): incoming request
    reqId: "req-6"
    req: {
      "method": "POST",
      "url": "/resources",
      "host": "127.0.0.1:3000",
      "remoteAddress": "127.0.0.1",
      "remotePort": 43624
    }
[08:31:34.996] INFO (28376): request completed
    reqId: "req-6"
    res: {
      "statusCode": 201
    }
    responseTime: 138.21970000024885
[08:32:08.522] INFO (28376): incoming request
    reqId: "req-7"
    req: {
      "method": "POST",
      "url": "/auth/login",
      "host": "127.0.0.1:3000",
      "remoteAddress": "127.0.0.1",
      "remotePort": 37184
    }
[08:32:09.079] INFO (28376): request completed
    reqId: "req-7"
    res: {
      "statusCode": 200
    }
    responseTime: 556.2748400000855
[08:32:09.100] INFO (28376): incoming request
    reqId: "req-8"
    req: {
      "method": "POST",
      "url": "/colors",
      "host": "127.0.0.1:3000",
      "remoteAddress": "127.0.0.1",
      "remotePort": 37188
    }
[08:32:09.389] INFO (28376): request completed
    reqId: "req-8"
    res: {
      "statusCode": 201
    }
    responseTime: 289.42759700026363
[08:32:09.413] INFO (28376): incoming request
    reqId: "req-9"
    req: {
      "method": "POST",
      "url": "/recipes",
      "host": "127.0.0.1:3000",
      "remoteAddress": "127.0.0.1",
      "remotePort": 37190
    }
[08:32:09.888] INFO (28376): request completed
    reqId: "req-9"
    res: {
      "statusCode": 201
    }
    responseTime: 474.57163199968636
[08:32:44.307] INFO (28376): incoming request
    reqId: "req-a"
    req: {
      "method": "POST",
      "url": "/auth/login",
      "host": "127.0.0.1:3000",
      "remoteAddress": "127.0.0.1",
      "remotePort": 42304
    }
[08:32:44.841] INFO (28376): request completed
    reqId: "req-a"
    res: {
      "statusCode": 200
    }
    responseTime: 534.1115609994158
[08:32:44.864] INFO (28376): incoming request
    reqId: "req-b"
    req: {
      "method": "POST",
      "url": "/production-runs",
      "host": "127.0.0.1:3000",
      "remoteAddress": "127.0.0.1",
      "remotePort": 42316
    }
[08:32:45.660] INFO (28376): request completed
    reqId: "req-b"
    res: {
      "statusCode": 201
    }
    responseTime: 795.949048999697
[08:32:45.708] INFO (28376): incoming request
    reqId: "req-c"
    req: {
      "method": "POST",
      "url": "/production-runs/1/packaging",
      "host": "127.0.0.1:3000",
      "remoteAddress": "127.0.0.1",
      "remotePort": 42320
    }
[08:32:45.968] ERROR (28376): column "quantity_liters" of relation "finished_stock_transactions" does not exist
    err: {
      "type": "DatabaseError",
      "message": "column \"quantity_liters\" of relation \"finished_stock_transactions\" does not exist",
      "stack":
          error: column "quantity_liters" of relation "finished_stock_transactions" does not exist
              at /home/mubashira/paints-app/node_modules/pg/lib/client.js:624:17
              at processTicksAndRejections (node:internal/process/task_queues:103:5)
              at Object.handler (/home/mubashira/paints-app/src/modules/production/index.ts:230:21)
      "length": 156,
      "name": "error",
      "severity": "ERROR",
      "code": "42703",
      "position": "128",
      "file": "parse_target.c",
      "line": "1066",
      "routine": "checkInsertTargets"
    }
[08:32:45.990] INFO (28376): request completed
    reqId: "req-c"
    res: {
      "statusCode": 500
    }
    responseTime: 282.1546449996531
[08:33:07.209] INFO (28376): incoming request
    reqId: "req-d"
    req: {
      "method": "POST",
      "url": "/auth/login",
      "host": "127.0.0.1:3000",
      "remoteAddress": "127.0.0.1",
      "remotePort": 55704
    }
[08:33:07.837] INFO (28376): request completed
    reqId: "req-d"
    res: {
      "statusCode": 200
    }
    responseTime: 628.6619060002267
[08:33:07.857] INFO (28376): incoming request
    reqId: "req-e"
    req: {
      "method": "GET",
      "url": "/inventory/finished-stock",
      "host": "127.0.0.1:3000",
      "remoteAddress": "127.0.0.1",
      "remotePort": 55712
    }
[08:33:07.943] INFO (28376): request completed
    reqId: "req-e"
    res: {
      "statusCode": 200
    }
    responseTime: 86.23722200002521
